<?xml version="1.0" encoding="UTF-8"?>
<coverage generated="1700304216636" clover="3.2.0">
  <project timestamp="1700304216636" name="All files">
    <metrics statements="28" coveredstatements="0" conditionals="4" coveredconditionals="0" methods="15" coveredmethods="0" elements="47" coveredelements="0" complexity="0" loc="28" ncloc="28" packages="2" files="2" classes="2"/>
    <package name="Queue">
      <metrics statements="28" coveredstatements="0" conditionals="4" coveredconditionals="0" methods="15" coveredmethods="0"/>
      <file name="QueueScreen.js" path="/Users/ewawanat/stuff123/src/Queue/QueueScreen.js">
        <metrics statements="28" coveredstatements="0" conditionals="4" coveredconditionals="0" methods="15" coveredmethods="0"/>
        <line num="7" count="0" type="stmt"/>
        <line num="10" count="0" type="stmt"/>
        <line num="11" count="0" type="stmt"/>
        <line num="17" count="0" type="stmt"/>
        <line num="18" count="0" type="stmt"/>
        <line num="20" count="0" type="stmt"/>
        <line num="21" count="0" type="stmt"/>
        <line num="22" count="0" type="stmt"/>
        <line num="28" count="0" type="stmt"/>
        <line num="29" count="0" type="stmt"/>
        <line num="30" count="0" type="stmt"/>
        <line num="31" count="0" type="stmt"/>
        <line num="34" count="0" type="stmt"/>
        <line num="36" count="0" type="stmt"/>
        <line num="40" count="0" type="stmt"/>
        <line num="41" count="0" type="stmt"/>
        <line num="43" count="0" type="cond" truecount="0" falsecount="2"/>
        <line num="44" count="0" type="stmt"/>
        <line num="45" count="0" type="stmt"/>
        <line num="47" count="0" type="stmt"/>
        <line num="52" count="0" type="stmt"/>
        <line num="53" count="0" type="stmt"/>
        <line num="55" count="0" type="cond" truecount="0" falsecount="2"/>
        <line num="56" count="0" type="stmt"/>
        <line num="70" count="0" type="stmt"/>
        <line num="71" count="0" type="stmt"/>
        <line num="72" count="0" type="stmt"/>
        <line num="81" count="0" type="stmt"/>
      </file>
    </package>
    <package name="Queue.components">
      <metrics statements="0" coveredstatements="0" conditionals="0" coveredconditionals="0" methods="0" coveredmethods="0"/>
      <file name="Time.js" path="/Users/ewawanat/stuff123/src/Queue/components/Time.js">
        <metrics statements="0" coveredstatements="0" conditionals="0" coveredconditionals="0" methods="0" coveredmethods="0"/>
      </file>
    </package>
  </project>
</coverage>
