{"/Users/ewawanat/stuff123/src/Queue/QueueScreen.js": {"path":"/Users/ewawanat/stuff123/src/Queue/QueueScreen.js","statementMap":{"0":{"start":{"line":7,"column":22},"end":{"line":7,"column":43}},"1":{"start":{"line":10,"column":8},"end":{"line":10,"column":21}},"2":{"start":{"line":11,"column":8},"end":{"line":13,"column":10}},"3":{"start":{"line":17,"column":8},"end":{"line":24,"column":14}},"4":{"start":{"line":18,"column":30},"end":{"line":18,"column":45}},"5":{"start":{"line":20,"column":34},"end":{"line":20,"column":69}},"6":{"start":{"line":21,"column":16},"end":{"line":21,"column":45}},"7":{"start":{"line":22,"column":16},"end":{"line":22,"column":52}},"8":{"start":{"line":28,"column":8},"end":{"line":28,"column":43}},"9":{"start":{"line":29,"column":8},"end":{"line":61,"column":11}},"10":{"start":{"line":30,"column":37},"end":{"line":30,"column":54}},"11":{"start":{"line":31,"column":32},"end":{"line":31,"column":98}},"12":{"start":{"line":34,"column":12},"end":{"line":60,"column":19}},"13":{"start":{"line":36,"column":20},"end":{"line":36,"column":35}},"14":{"start":{"line":40,"column":37},"end":{"line":40,"column":62}},"15":{"start":{"line":41,"column":20},"end":{"line":49,"column":24}},"16":{"start":{"line":41,"column":48},"end":{"line":49,"column":21}},"17":{"start":{"line":43,"column":28},"end":{"line":46,"column":29}},"18":{"start":{"line":44,"column":32},"end":{"line":44,"column":45}},"19":{"start":{"line":45,"column":32},"end":{"line":45,"column":74}},"20":{"start":{"line":47,"column":28},"end":{"line":47,"column":40}},"21":{"start":{"line":52,"column":20},"end":{"line":52,"column":74}},"22":{"start":{"line":53,"column":20},"end":{"line":59,"column":23}},"23":{"start":{"line":53,"column":48},"end":{"line":59,"column":21}},"24":{"start":{"line":55,"column":28},"end":{"line":57,"column":29}},"25":{"start":{"line":56,"column":32},"end":{"line":56,"column":76}},"26":{"start":{"line":70,"column":26},"end":{"line":79,"column":10}},"27":{"start":{"line":71,"column":12},"end":{"line":71,"column":34}},"28":{"start":{"line":72,"column":12},"end":{"line":78,"column":14}},"29":{"start":{"line":81,"column":8},"end":{"line":85,"column":10}}},"fnMap":{"0":{"name":"(anonymous_0)","decl":{"start":{"line":9,"column":4},"end":{"line":9,"column":5}},"loc":{"start":{"line":9,"column":23},"end":{"line":14,"column":5}},"line":9},"1":{"name":"(anonymous_1)","decl":{"start":{"line":16,"column":4},"end":{"line":16,"column":5}},"loc":{"start":{"line":16,"column":24},"end":{"line":25,"column":5}},"line":16},"2":{"name":"(anonymous_2)","decl":{"start":{"line":18,"column":18},"end":{"line":18,"column":19}},"loc":{"start":{"line":18,"column":30},"end":{"line":18,"column":45}},"line":18},"3":{"name":"(anonymous_3)","decl":{"start":{"line":19,"column":18},"end":{"line":19,"column":19}},"loc":{"start":{"line":19,"column":26},"end":{"line":24,"column":13}},"line":19},"4":{"name":"(anonymous_4)","decl":{"start":{"line":26,"column":4},"end":{"line":26,"column":5}},"loc":{"start":{"line":26,"column":35},"end":{"line":62,"column":5}},"line":26},"5":{"name":"(anonymous_5)","decl":{"start":{"line":29,"column":26},"end":{"line":29,"column":27}},"loc":{"start":{"line":29,"column":38},"end":{"line":61,"column":9}},"line":29},"6":{"name":"(anonymous_6)","decl":{"start":{"line":35,"column":22},"end":{"line":35,"column":23}},"loc":{"start":{"line":36,"column":20},"end":{"line":36,"column":35}},"line":36},"7":{"name":"(anonymous_7)","decl":{"start":{"line":38,"column":22},"end":{"line":38,"column":23}},"loc":{"start":{"line":38,"column":30},"end":{"line":50,"column":17}},"line":38},"8":{"name":"(anonymous_8)","decl":{"start":{"line":41,"column":34},"end":{"line":41,"column":35}},"loc":{"start":{"line":41,"column":48},"end":{"line":49,"column":21}},"line":41},"9":{"name":"(anonymous_9)","decl":{"start":{"line":42,"column":59},"end":{"line":42,"column":60}},"loc":{"start":{"line":42,"column":67},"end":{"line":48,"column":25}},"line":42},"10":{"name":"(anonymous_10)","decl":{"start":{"line":51,"column":23},"end":{"line":51,"column":24}},"loc":{"start":{"line":51,"column":32},"end":{"line":60,"column":17}},"line":51},"11":{"name":"(anonymous_11)","decl":{"start":{"line":53,"column":34},"end":{"line":53,"column":35}},"loc":{"start":{"line":53,"column":48},"end":{"line":59,"column":21}},"line":53},"12":{"name":"(anonymous_12)","decl":{"start":{"line":54,"column":59},"end":{"line":54,"column":60}},"loc":{"start":{"line":54,"column":67},"end":{"line":58,"column":25}},"line":54},"13":{"name":"(anonymous_13)","decl":{"start":{"line":64,"column":4},"end":{"line":64,"column":5}},"loc":{"start":{"line":64,"column":13},"end":{"line":86,"column":5}},"line":64},"14":{"name":"(anonymous_14)","decl":{"start":{"line":70,"column":51},"end":{"line":70,"column":52}},"loc":{"start":{"line":70,"column":63},"end":{"line":79,"column":9}},"line":70}},"branchMap":{"0":{"loc":{"start":{"line":43,"column":28},"end":{"line":46,"column":29}},"type":"if","locations":[{"start":{"line":43,"column":28},"end":{"line":46,"column":29}},{"start":{"line":43,"column":28},"end":{"line":46,"column":29}}],"line":43},"1":{"loc":{"start":{"line":55,"column":28},"end":{"line":57,"column":29}},"type":"if","locations":[{"start":{"line":55,"column":28},"end":{"line":57,"column":29}},{"start":{"line":55,"column":28},"end":{"line":57,"column":29}}],"line":55}},"s":{"0":0,"1":0,"2":0,"3":0,"4":0,"5":0,"6":0,"7":0,"8":0,"9":0,"10":0,"11":0,"12":0,"13":0,"14":0,"15":0,"16":0,"17":0,"18":0,"19":0,"20":0,"21":0,"22":0,"23":0,"24":0,"25":0,"26":0,"27":0,"28":0,"29":0},"f":{"0":0,"1":0,"2":0,"3":0,"4":0,"5":0,"6":0,"7":0,"8":0,"9":0,"10":0,"11":0,"12":0,"13":0,"14":0},"b":{"0":[0,0],"1":[0,0]},"hash":"14cd00fcac3d597f9cbd6e0a942850590da5a9e4"}
,"/Users/ewawanat/stuff123/src/Queue/components/Time.js": {"path":"/Users/ewawanat/stuff123/src/Queue/components/Time.js","statementMap":{},"fnMap":{},"branchMap":{},"s":{},"f":{},"b":{},"hash":"17f8aa3a3cad2e8c5992cb3564319abfcd8f8f3d"}
}
