{"/Users/ewawanat/stuff123/src/index.js": {"path":"/Users/ewawanat/stuff123/src/index.js","statementMap":{"0":{"start":{"line":14,"column":12},"end":{"line":25,"column":1}},"1":{"start":{"line":15,"column":4},"end":{"line":24,"column":15}},"2":{"start":{"line":27,"column":20},"end":{"line":27,"column":51}},"3":{"start":{"line":29,"column":0},"end":{"line":31,"column":1}},"4":{"start":{"line":30,"column":4},"end":{"line":30,"column":42}}},"fnMap":{"0":{"name":"(anonymous_0)","decl":{"start":{"line":14,"column":12},"end":{"line":14,"column":13}},"loc":{"start":{"line":15,"column":4},"end":{"line":24,"column":15}},"line":15}},"branchMap":{"0":{"loc":{"start":{"line":29,"column":0},"end":{"line":31,"column":1}},"type":"if","locations":[{"start":{"line":29,"column":0},"end":{"line":31,"column":1}},{"start":{},"end":{}}],"line":29}},"s":{"0":1,"1":1,"2":1,"3":1,"4":0},"f":{"0":1},"b":{"0":[0,1]},"_coverageSchema":"1a1c01bbd47fc00a2c39e90264f33305004495a9","hash":"4c254da257d3629a3782da119cea28fecc4d4946"}
,"/Users/ewawanat/stuff123/src/mockApi.ts": {"path":"/Users/ewawanat/stuff123/src/mockApi.ts","statementMap":{"0":{"start":{"line":4,"column":21},"end":{"line":401,"column":1}},"1":{"start":{"line":5,"column":23},"end":{"line":5,"column":47}},"2":{"start":{"line":6,"column":2},"end":{"line":400,"column":3}},"3":{"start":{"line":403,"column":30},"end":{"line":412,"column":1}},"4":{"start":{"line":404,"column":2},"end":{"line":404,"column":51}},"5":{"start":{"line":406,"column":2},"end":{"line":411,"column":3}},"6":{"start":{"line":409,"column":18},"end":{"line":409,"column":49}}},"fnMap":{"0":{"name":"(anonymous_0)","decl":{"start":{"line":4,"column":21},"end":{"line":4,"column":22}},"loc":{"start":{"line":4,"column":27},"end":{"line":401,"column":1}},"line":4},"1":{"name":"(anonymous_1)","decl":{"start":{"line":403,"column":30},"end":{"line":403,"column":31}},"loc":{"start":{"line":403,"column":36},"end":{"line":412,"column":1}},"line":403},"2":{"name":"(anonymous_2)","decl":{"start":{"line":409,"column":12},"end":{"line":409,"column":13}},"loc":{"start":{"line":409,"column":18},"end":{"line":409,"column":49}},"line":409}},"branchMap":{},"s":{"0":1,"1":1,"2":1,"3":1,"4":1,"5":1,"6":1},"f":{"0":1,"1":1,"2":1},"b":{},"_coverageSchema":"1a1c01bbd47fc00a2c39e90264f33305004495a9","hash":"13561109a82a15847a7463ca6edf13cf0692af85"}
,"/Users/ewawanat/stuff123/src/state.js": {"path":"/Users/ewawanat/stuff123/src/state.js","statementMap":{"0":{"start":{"line":5,"column":16},"end":{"line":7,"column":2}}},"fnMap":{},"branchMap":{},"s":{"0":1},"f":{},"b":{},"_coverageSchema":"1a1c01bbd47fc00a2c39e90264f33305004495a9","hash":"f660aaef1af41a54ec69937725da4ab185c97fd7"}
,"/Users/ewawanat/stuff123/src/Queue/QueueScreen.js": {"path":"/Users/ewawanat/stuff123/src/Queue/QueueScreen.js","statementMap":{"0":{"start":{"line":15,"column":22},"end":{"line":15,"column":50}},"1":{"start":{"line":17,"column":20},"end":{"line":112,"column":1}},"2":{"start":{"line":18,"column":42},"end":{"line":18,"column":54}},"3":{"start":{"line":19,"column":21},"end":{"line":19,"column":34}},"4":{"start":{"line":21,"column":32},"end":{"line":62,"column":18}},"5":{"start":{"line":22,"column":8},"end":{"line":24,"column":9}},"6":{"start":{"line":23,"column":12},"end":{"line":23,"column":19}},"7":{"start":{"line":27,"column":33},"end":{"line":27,"column":35}},"8":{"start":{"line":30,"column":8},"end":{"line":55,"column":12}},"9":{"start":{"line":31,"column":37},"end":{"line":31,"column":54}},"10":{"start":{"line":34,"column":12},"end":{"line":54,"column":13}},"11":{"start":{"line":35,"column":36},"end":{"line":35,"column":102}},"12":{"start":{"line":36,"column":16},"end":{"line":50,"column":17}},"13":{"start":{"line":37,"column":37},"end":{"line":37,"column":61}},"14":{"start":{"line":38,"column":20},"end":{"line":47,"column":21}},"15":{"start":{"line":39,"column":24},"end":{"line":39,"column":102}},"16":{"start":{"line":41,"column":24},"end":{"line":41,"column":91}},"17":{"start":{"line":43,"column":37},"end":{"line":43,"column":58}},"18":{"start":{"line":44,"column":41},"end":{"line":44,"column":66}},"19":{"start":{"line":46,"column":24},"end":{"line":46,"column":86}},"20":{"start":{"line":49,"column":20},"end":{"line":49,"column":75}},"21":{"start":{"line":53,"column":16},"end":{"line":53,"column":83}},"22":{"start":{"line":58,"column":8},"end":{"line":61,"column":11}},"23":{"start":{"line":64,"column":4},"end":{"line":86,"column":40}},"24":{"start":{"line":65,"column":26},"end":{"line":84,"column":9}},"25":{"start":{"line":66,"column":12},"end":{"line":83,"column":13}},"26":{"start":{"line":67,"column":33},"end":{"line":67,"column":55}},"27":{"start":{"line":68,"column":16},"end":{"line":71,"column":17}},"28":{"start":{"line":69,"column":20},"end":{"line":69,"column":80}},"29":{"start":{"line":70,"column":20},"end":{"line":70,"column":27}},"30":{"start":{"line":72,"column":29},"end":{"line":72,"column":50}},"31":{"start":{"line":73,"column":16},"end":{"line":76,"column":17}},"32":{"start":{"line":74,"column":20},"end":{"line":74,"column":76}},"33":{"start":{"line":75,"column":20},"end":{"line":75,"column":27}},"34":{"start":{"line":77,"column":41},"end":{"line":77,"column":76}},"35":{"start":{"line":78,"column":16},"end":{"line":78,"column":57}},"36":{"start":{"line":79,"column":16},"end":{"line":79,"column":60}},"37":{"start":{"line":82,"column":16},"end":{"line":82,"column":61}},"38":{"start":{"line":85,"column":8},"end":{"line":85,"column":19}},"39":{"start":{"line":88,"column":31},"end":{"line":90,"column":5}},"40":{"start":{"line":89,"column":8},"end":{"line":89,"column":30}},"41":{"start":{"line":92,"column":30},"end":{"line":96,"column":12}},"42":{"start":{"line":94,"column":12},"end":{"line":94,"column":84}},"43":{"start":{"line":98,"column":4},"end":{"line":111,"column":6}},"44":{"start":{"line":104,"column":16},"end":{"line":108,"column":31}},"45":{"start":{"line":114,"column":24},"end":{"line":116,"column":2}},"46":{"start":{"line":114,"column":36},"end":{"line":116,"column":1}}},"fnMap":{"0":{"name":"(anonymous_0)","decl":{"start":{"line":17,"column":20},"end":{"line":17,"column":21}},"loc":{"start":{"line":17,"column":39},"end":{"line":112,"column":1}},"line":17},"1":{"name":"(anonymous_1)","decl":{"start":{"line":21,"column":44},"end":{"line":21,"column":45}},"loc":{"start":{"line":21,"column":65},"end":{"line":62,"column":5}},"line":21},"2":{"name":"(anonymous_2)","decl":{"start":{"line":30,"column":40},"end":{"line":30,"column":41}},"loc":{"start":{"line":30,"column":60},"end":{"line":55,"column":9}},"line":30},"3":{"name":"(anonymous_3)","decl":{"start":{"line":64,"column":14},"end":{"line":64,"column":15}},"loc":{"start":{"line":64,"column":20},"end":{"line":86,"column":5}},"line":64},"4":{"name":"(anonymous_4)","decl":{"start":{"line":65,"column":26},"end":{"line":65,"column":27}},"loc":{"start":{"line":65,"column":38},"end":{"line":84,"column":9}},"line":65},"5":{"name":"(anonymous_5)","decl":{"start":{"line":88,"column":31},"end":{"line":88,"column":32}},"loc":{"start":{"line":88,"column":42},"end":{"line":90,"column":5}},"line":88},"6":{"name":"(anonymous_6)","decl":{"start":{"line":93,"column":27},"end":{"line":93,"column":28}},"loc":{"start":{"line":94,"column":12},"end":{"line":94,"column":84}},"line":94},"7":{"name":"(anonymous_7)","decl":{"start":{"line":102,"column":35},"end":{"line":102,"column":36}},"loc":{"start":{"line":104,"column":16},"end":{"line":108,"column":31}},"line":104},"8":{"name":"(anonymous_8)","decl":{"start":{"line":114,"column":24},"end":{"line":114,"column":25}},"loc":{"start":{"line":114,"column":36},"end":{"line":116,"column":1}},"line":114}},"branchMap":{"0":{"loc":{"start":{"line":22,"column":8},"end":{"line":24,"column":9}},"type":"if","locations":[{"start":{"line":22,"column":8},"end":{"line":24,"column":9}},{"start":{},"end":{}}],"line":22},"1":{"loc":{"start":{"line":22,"column":12},"end":{"line":22,"column":51}},"type":"binary-expr","locations":[{"start":{"line":22,"column":12},"end":{"line":22,"column":22}},{"start":{"line":22,"column":26},"end":{"line":22,"column":51}}],"line":22},"2":{"loc":{"start":{"line":34,"column":12},"end":{"line":54,"column":13}},"type":"if","locations":[{"start":{"line":34,"column":12},"end":{"line":54,"column":13}},{"start":{"line":51,"column":19},"end":{"line":54,"column":13}}],"line":34},"3":{"loc":{"start":{"line":34,"column":16},"end":{"line":34,"column":94}},"type":"binary-expr","locations":[{"start":{"line":34,"column":16},"end":{"line":34,"column":28}},{"start":{"line":34,"column":32},"end":{"line":34,"column":64}},{"start":{"line":34,"column":68},"end":{"line":34,"column":94}}],"line":34},"4":{"loc":{"start":{"line":38,"column":20},"end":{"line":47,"column":21}},"type":"if","locations":[{"start":{"line":38,"column":20},"end":{"line":47,"column":21}},{"start":{"line":42,"column":27},"end":{"line":47,"column":21}}],"line":38},"5":{"loc":{"start":{"line":68,"column":16},"end":{"line":71,"column":17}},"type":"if","locations":[{"start":{"line":68,"column":16},"end":{"line":71,"column":17}},{"start":{},"end":{}}],"line":68},"6":{"loc":{"start":{"line":73,"column":16},"end":{"line":76,"column":17}},"type":"if","locations":[{"start":{"line":73,"column":16},"end":{"line":76,"column":17}},{"start":{},"end":{}}],"line":73},"7":{"loc":{"start":{"line":92,"column":30},"end":{"line":96,"column":12}},"type":"cond-expr","locations":[{"start":{"line":93,"column":10},"end":{"line":95,"column":9}},{"start":{"line":96,"column":10},"end":{"line":96,"column":12}}],"line":92},"8":{"loc":{"start":{"line":92,"column":30},"end":{"line":92,"column":67}},"type":"binary-expr","locations":[{"start":{"line":92,"column":30},"end":{"line":92,"column":39}},{"start":{"line":92,"column":43},"end":{"line":92,"column":67}}],"line":92},"9":{"loc":{"start":{"line":106,"column":46},"end":{"line":106,"column":105}},"type":"cond-expr","locations":[{"start":{"line":106,"column":69},"end":{"line":106,"column":89}},{"start":{"line":106,"column":92},"end":{"line":106,"column":105}}],"line":106}},"s":{"0":2,"1":2,"2":13,"3":13,"4":13,"5":3,"6":0,"7":3,"8":3,"9":6,"10":6,"11":5,"12":5,"13":5,"14":2,"15":0,"16":0,"17":1,"18":1,"19":1,"20":1,"21":1,"22":2,"23":13,"24":6,"25":6,"26":6,"27":6,"28":3,"29":3,"30":3,"31":3,"32":0,"33":0,"34":3,"35":3,"36":3,"37":0,"38":6,"39":13,"40":5,"41":13,"42":21,"43":13,"44":18,"45":2,"46":8},"f":{"0":13,"1":3,"2":6,"3":6,"4":6,"5":5,"6":21,"7":18,"8":8},"b":{"0":[0,3],"1":[3,3],"2":[5,1],"3":[6,5,5],"4":[0,1],"5":[3,3],"6":[0,3],"7":[12,1],"8":[13,12],"9":[13,5]},"_coverageSchema":"1a1c01bbd47fc00a2c39e90264f33305004495a9","hash":"c7afe5b1cf011edbdd8b70563b306451d0318b61"}
,"/Users/ewawanat/stuff123/src/Queue/reducer.js": {"path":"/Users/ewawanat/stuff123/src/Queue/reducer.js","statementMap":{"0":{"start":{"line":3,"column":28},"end":{"line":5,"column":1}},"1":{"start":{"line":7,"column":21},"end":{"line":14,"column":1}},"2":{"start":{"line":8,"column":4},"end":{"line":13,"column":5}},"3":{"start":{"line":10,"column":12},"end":{"line":10,"column":59}},"4":{"start":{"line":12,"column":12},"end":{"line":12,"column":25}}},"fnMap":{"0":{"name":"(anonymous_0)","decl":{"start":{"line":7,"column":21},"end":{"line":7,"column":22}},"loc":{"start":{"line":7,"column":55},"end":{"line":14,"column":1}},"line":7}},"branchMap":{"0":{"loc":{"start":{"line":7,"column":22},"end":{"line":7,"column":42}},"type":"default-arg","locations":[{"start":{"line":7,"column":30},"end":{"line":7,"column":42}}],"line":7},"1":{"loc":{"start":{"line":8,"column":4},"end":{"line":13,"column":5}},"type":"switch","locations":[{"start":{"line":9,"column":8},"end":{"line":10,"column":59}},{"start":{"line":11,"column":8},"end":{"line":12,"column":25}}],"line":8}},"s":{"0":2,"1":2,"2":5,"3":1,"4":4},"f":{"0":5},"b":{"0":[4],"1":[1,4]},"_coverageSchema":"1a1c01bbd47fc00a2c39e90264f33305004495a9","hash":"1c279f722870053b8f8ecedb4ba9c421ca38403f"}
,"/Users/ewawanat/stuff123/src/Queue/actions/actionTypes.js": {"path":"/Users/ewawanat/stuff123/src/Queue/actions/actionTypes.js","statementMap":{"0":{"start":{"line":1,"column":29},"end":{"line":1,"column":44}}},"fnMap":{},"branchMap":{},"s":{"0":3},"f":{},"b":{},"_coverageSchema":"1a1c01bbd47fc00a2c39e90264f33305004495a9","hash":"09cbd28007315c20d83c3bb4b1c0e73b4933366c"}
,"/Users/ewawanat/stuff123/src/Queue/actions/customerActions.js": {"path":"/Users/ewawanat/stuff123/src/Queue/actions/customerActions.js","statementMap":{"0":{"start":{"line":3,"column":28},"end":{"line":6,"column":2}},"1":{"start":{"line":3,"column":44},"end":{"line":6,"column":1}}},"fnMap":{"0":{"name":"(anonymous_0)","decl":{"start":{"line":3,"column":28},"end":{"line":3,"column":29}},"loc":{"start":{"line":3,"column":44},"end":{"line":6,"column":1}},"line":3}},"branchMap":{},"s":{"0":3,"1":4},"f":{"0":4},"b":{},"_coverageSchema":"1a1c01bbd47fc00a2c39e90264f33305004495a9","hash":"fce68967285f943047968d102d1b6f2aee77e470"}
,"/Users/ewawanat/stuff123/src/Queue/components/Content.js": {"path":"/Users/ewawanat/stuff123/src/Queue/components/Content.js","statementMap":{},"fnMap":{},"branchMap":{},"s":{},"f":{},"b":{},"_coverageSchema":"1a1c01bbd47fc00a2c39e90264f33305004495a9","hash":"f0d2014a7ff85cdabde563f1b4576d2f6292212e"}
,"/Users/ewawanat/stuff123/src/Queue/components/CustomerCard.js": {"path":"/Users/ewawanat/stuff123/src/Queue/components/CustomerCard.js","statementMap":{},"fnMap":{},"branchMap":{},"s":{},"f":{},"b":{},"_coverageSchema":"1a1c01bbd47fc00a2c39e90264f33305004495a9","hash":"5db0fe46e9be5c4ffc257cd109bdb95332ebaa33"}
,"/Users/ewawanat/stuff123/src/Queue/components/Filter.js": {"path":"/Users/ewawanat/stuff123/src/Queue/components/Filter.js","statementMap":{"0":{"start":{"line":5,"column":22},"end":{"line":8,"column":1}},"1":{"start":{"line":10,"column":20},"end":{"line":15,"column":1}},"2":{"start":{"line":17,"column":20},"end":{"line":21,"column":1}},"3":{"start":{"line":23,"column":15},"end":{"line":36,"column":1}},"4":{"start":{"line":24,"column":4},"end":{"line":35,"column":6}},"5":{"start":{"line":32,"column":33},"end":{"line":32,"column":63}}},"fnMap":{"0":{"name":"(anonymous_0)","decl":{"start":{"line":23,"column":15},"end":{"line":23,"column":16}},"loc":{"start":{"line":23,"column":52},"end":{"line":36,"column":1}},"line":23},"1":{"name":"(anonymous_1)","decl":{"start":{"line":32,"column":26},"end":{"line":32,"column":27}},"loc":{"start":{"line":32,"column":33},"end":{"line":32,"column":63}},"line":32}},"branchMap":{},"s":{"0":3,"1":3,"2":3,"3":3,"4":17,"5":6},"f":{"0":17,"1":6},"b":{},"_coverageSchema":"1a1c01bbd47fc00a2c39e90264f33305004495a9","hash":"fccbc1c329745af43601112f4a3c7c261cdc4133"}
,"/Users/ewawanat/stuff123/src/Queue/components/Heading.js": {"path":"/Users/ewawanat/stuff123/src/Queue/components/Heading.js","statementMap":{"0":{"start":{"line":5,"column":22},"end":{"line":20,"column":1}},"1":{"start":{"line":22,"column":16},"end":{"line":25,"column":1}},"2":{"start":{"line":23,"column":27},"end":{"line":23,"column":38}},"3":{"start":{"line":24,"column":4},"end":{"line":24,"column":73}}},"fnMap":{"0":{"name":"(anonymous_0)","decl":{"start":{"line":22,"column":16},"end":{"line":22,"column":17}},"loc":{"start":{"line":22,"column":45},"end":{"line":25,"column":1}},"line":22}},"branchMap":{"0":{"loc":{"start":{"line":22,"column":19},"end":{"line":22,"column":28}},"type":"default-arg","locations":[{"start":{"line":22,"column":27},"end":{"line":22,"column":28}}],"line":22}},"s":{"0":3,"1":3,"2":19,"3":19},"f":{"0":19},"b":{"0":[3]},"_coverageSchema":"1a1c01bbd47fc00a2c39e90264f33305004495a9","hash":"a6d163236c7178f5b009b75a2783307074f3d4b3"}
,"/Users/ewawanat/stuff123/src/Queue/components/Name.js": {"path":"/Users/ewawanat/stuff123/src/Queue/components/Name.js","statementMap":{},"fnMap":{},"branchMap":{},"s":{},"f":{},"b":{},"_coverageSchema":"1a1c01bbd47fc00a2c39e90264f33305004495a9","hash":"65dffe83037706e67f7922c45b3a9cc43569be1d"}
,"/Users/ewawanat/stuff123/src/Queue/components/ProfilePicture.js": {"path":"/Users/ewawanat/stuff123/src/Queue/components/ProfilePicture.js","statementMap":{"0":{"start":{"line":4,"column":29},"end":{"line":10,"column":1}},"1":{"start":{"line":12,"column":23},"end":{"line":14,"column":1}},"2":{"start":{"line":13,"column":4},"end":{"line":13,"column":61}}},"fnMap":{"0":{"name":"(anonymous_0)","decl":{"start":{"line":12,"column":23},"end":{"line":12,"column":24}},"loc":{"start":{"line":12,"column":46},"end":{"line":14,"column":1}},"line":12}},"branchMap":{},"s":{"0":2,"1":2,"2":18},"f":{"0":18},"b":{},"_coverageSchema":"1a1c01bbd47fc00a2c39e90264f33305004495a9","hash":"ae14cb92c589868475ccdf96c79708bb2c9058bd"}
,"/Users/ewawanat/stuff123/src/components/Logo.js": {"path":"/Users/ewawanat/stuff123/src/components/Logo.js","statementMap":{"0":{"start":{"line":3,"column":18},"end":{"line":5,"column":1}},"1":{"start":{"line":7,"column":13},"end":{"line":9,"column":1}},"2":{"start":{"line":8,"column":4},"end":{"line":8,"column":46}}},"fnMap":{"0":{"name":"(anonymous_0)","decl":{"start":{"line":7,"column":13},"end":{"line":7,"column":14}},"loc":{"start":{"line":7,"column":36},"end":{"line":9,"column":1}},"line":7}},"branchMap":{},"s":{"0":1,"1":1,"2":1},"f":{"0":1},"b":{},"_coverageSchema":"1a1c01bbd47fc00a2c39e90264f33305004495a9","hash":"bb4c964434278dfa4cf786e70df19c0c3dd0428b"}
}
