TN:
SF:src/index.js
FN:14,(anonymous_0)
FNF:1
FNH:1
FNDA:1,(anonymous_0)
DA:14,1
DA:15,1
DA:27,1
DA:29,1
DA:30,0
LF:5
LH:4
BRDA:29,0,0,0
BRDA:29,0,1,1
BRF:2
BRH:1
end_of_record
TN:
SF:src/mockApi.ts
FN:4,(anonymous_0)
FN:403,(anonymous_1)
FN:409,(anonymous_2)
FNF:3
FNH:3
FNDA:1,(anonymous_0)
FNDA:1,(anonymous_1)
FNDA:1,(anonymous_2)
DA:4,1
DA:5,1
DA:6,1
DA:403,1
DA:404,1
DA:406,1
DA:409,1
LF:7
LH:7
BRF:0
BRH:0
end_of_record
TN:
SF:src/state.js
FNF:0
FNH:0
DA:5,1
LF:1
LH:1
BRF:0
BRH:0
end_of_record
TN:
SF:src/Queue/QueueScreen.js
FN:17,(anonymous_0)
FN:21,(anonymous_1)
FN:30,(anonymous_2)
FN:64,(anonymous_3)
FN:65,(anonymous_4)
FN:88,(anonymous_5)
FN:93,(anonymous_6)
FN:102,(anonymous_7)
FN:114,(anonymous_8)
FNF:9
FNH:9
FNDA:13,(anonymous_0)
FNDA:3,(anonymous_1)
FNDA:6,(anonymous_2)
FNDA:6,(anonymous_3)
FNDA:6,(anonymous_4)
FNDA:5,(anonymous_5)
FNDA:21,(anonymous_6)
FNDA:18,(anonymous_7)
FNDA:8,(anonymous_8)
DA:15,2
DA:17,2
DA:18,13
DA:19,13
DA:21,13
DA:22,3
DA:23,0
DA:27,3
DA:30,3
DA:31,6
DA:34,6
DA:35,5
DA:36,5
DA:37,5
DA:38,2
DA:39,0
DA:41,0
DA:43,1
DA:44,1
DA:46,1
DA:49,1
DA:53,1
DA:58,2
DA:64,13
DA:65,6
DA:66,6
DA:67,6
DA:68,6
DA:69,3
DA:70,3
DA:72,3
DA:73,3
DA:74,0
DA:75,0
DA:77,3
DA:78,3
DA:79,3
DA:82,0
DA:85,6
DA:88,13
DA:89,5
DA:92,13
DA:94,21
DA:98,13
DA:104,18
DA:114,8
LF:46
LH:40
BRDA:22,0,0,0
BRDA:22,0,1,3
BRDA:22,1,0,3
BRDA:22,1,1,3
BRDA:34,2,0,5
BRDA:34,2,1,1
BRDA:34,3,0,6
BRDA:34,3,1,5
BRDA:34,3,2,5
BRDA:38,4,0,0
BRDA:38,4,1,1
BRDA:68,5,0,3
BRDA:68,5,1,3
BRDA:73,6,0,0
BRDA:73,6,1,3
BRDA:92,7,0,12
BRDA:92,7,1,1
BRDA:92,8,0,13
BRDA:92,8,1,12
BRDA:106,9,0,13
BRDA:106,9,1,5
BRF:21
BRH:18
end_of_record
TN:
SF:src/Queue/reducer.js
FN:7,(anonymous_0)
FNF:1
FNH:1
FNDA:5,(anonymous_0)
DA:3,2
DA:7,2
DA:8,5
DA:10,1
DA:12,4
LF:5
LH:5
BRDA:7,0,0,4
BRDA:8,1,0,1
BRDA:8,1,1,4
BRF:3
BRH:3
end_of_record
TN:
SF:src/Queue/actions/actionTypes.js
FNF:0
FNH:0
DA:1,3
LF:1
LH:1
BRF:0
BRH:0
end_of_record
TN:
SF:src/Queue/actions/customerActions.js
FN:3,(anonymous_0)
FNF:1
FNH:1
FNDA:4,(anonymous_0)
DA:3,4
LF:1
LH:1
BRF:0
BRH:0
end_of_record
TN:
SF:src/Queue/components/Content.js
FNF:0
FNH:0
LF:0
LH:0
BRF:0
BRH:0
end_of_record
TN:
SF:src/Queue/components/CustomerCard.js
FNF:0
FNH:0
LF:0
LH:0
BRF:0
BRH:0
end_of_record
TN:
SF:src/Queue/components/Filter.js
FN:23,(anonymous_0)
FN:32,(anonymous_1)
FNF:2
FNH:2
FNDA:17,(anonymous_0)
FNDA:6,(anonymous_1)
DA:5,3
DA:10,3
DA:17,3
DA:23,3
DA:24,17
DA:32,6
LF:6
LH:6
BRF:0
BRH:0
end_of_record
TN:
SF:src/Queue/components/Heading.js
FN:22,(anonymous_0)
FNF:1
FNH:1
FNDA:19,(anonymous_0)
DA:5,3
DA:22,3
DA:23,19
DA:24,19
LF:4
LH:4
BRDA:22,0,0,3
BRF:1
BRH:1
end_of_record
TN:
SF:src/Queue/components/Name.js
FNF:0
FNH:0
LF:0
LH:0
BRF:0
BRH:0
end_of_record
TN:
SF:src/Queue/components/ProfilePicture.js
FN:12,(anonymous_0)
FNF:1
FNH:1
FNDA:18,(anonymous_0)
DA:4,2
DA:12,2
DA:13,18
LF:3
LH:3
BRF:0
BRH:0
end_of_record
TN:
SF:src/components/Logo.js
FN:7,(anonymous_0)
FNF:1
FNH:1
FNDA:1,(anonymous_0)
DA:3,1
DA:7,1
DA:8,1
LF:3
LH:3
BRF:0
BRH:0
end_of_record
